-- Found ament_cmake: 1.3.11 (/opt/ros/humble/share/ament_cmake/cmake)
-- Found rclcpp: 16.0.11 (/opt/ros/humble/share/rclcpp/cmake)
-- Found rosidl_generator_c: 3.1.6 (/opt/ros/humble/share/rosidl_generator_c/cmake)
-- Found rosidl_adapter: 3.1.6 (/opt/ros/humble/share/rosidl_adapter/cmake)
-- Found rosidl_generator_cpp: 3.1.6 (/opt/ros/humble/share/rosidl_generator_cpp/cmake)
-- Using all available rosidl_typesupport_c: rosidl_typesupport_fastrtps_c;rosidl_typesupport_introspection_c
-- Using all available rosidl_typesupport_cpp: rosidl_typesupport_fastrtps_cpp;rosidl_typesupport_introspection_cpp
-- Found rmw_implementation_cmake: 6.1.2 (/opt/ros/humble/share/rmw_implementation_cmake/cmake)
-- Found rmw_fastrtps_cpp: 6.2.7 (/opt/ros/humble/share/rmw_fastrtps_cpp/cmake)
-- Using RMW implementation 'rmw_fastrtps_cpp' as default
-- Found ament_lint_auto: 0.12.11 (/opt/ros/humble/share/ament_lint_auto/cmake)
-- Added test 'copyright' to check source files copyright and LICENSE
-- Added test 'cppcheck' to perform static code analysis on C / C++ code
-- Configured cppcheck include dirs: 
-- Configured cppcheck exclude dirs and/or files: 
-- Added test 'cpplint' to check C / C++ code against the Google style
-- Configured cpplint exclude dirs and/or files: 
-- Added test 'flake8' to check Python code syntax and style conventions
-- Added test 'lint_cmake' to check CMake code style
-- Added test 'pep257' to check Python code against some of the docstring style conventions in PEP 257
-- Added test 'uncrustify' to check C / C++ code style
-- Configured uncrustify additional arguments: 
-- Added test 'xmllint' to check XML markup files
-- Configuring done
-- Generating done
-- Build files have been written to: /home/ubuntu/chat_interface/build/chat_interface
[35m[1mConsolidate compiler generated dependencies of target chat_subscriber[0m
[35m[1mConsolidate compiler generated dependencies of target chat_publisher[0m
[ 50%] [32mBuilding CXX object CMakeFiles/chat_subscriber.dir/src/chat_subscriber.cpp.o[0m
[ 50%] [32mBuilding CXX object CMakeFiles/chat_publisher.dir/src/chat_publisher.cpp.o[0m
[ 75%] [32m[1mLinking CXX executable chat_publisher[0m
[ 75%] Built target chat_publisher
[100%] [32m[1mLinking CXX executable chat_subscriber[0m
[100%] Built target chat_subscriber
-- Install configuration: "Release"
-- Installing: /home/ubuntu/chat_interface/install/chat_interface/lib/chat_interface/chat_publisher
-- Set runtime path of "/home/ubuntu/chat_interface/install/chat_interface/lib/chat_interface/chat_publisher" to ""
-- Installing: /home/ubuntu/chat_interface/install/chat_interface/lib/chat_interface/chat_subscriber
-- Set runtime path of "/home/ubuntu/chat_interface/install/chat_interface/lib/chat_interface/chat_subscriber" to ""
-- Up-to-date: /home/ubuntu/chat_interface/install/chat_interface/share/ament_index/resource_index/package_run_dependencies/chat_interface
-- Up-to-date: /home/ubuntu/chat_interface/install/chat_interface/share/ament_index/resource_index/parent_prefix_path/chat_interface
-- Up-to-date: /home/ubuntu/chat_interface/install/chat_interface/share/chat_interface/environment/ament_prefix_path.sh
-- Installing: /home/ubuntu/chat_interface/install/chat_interface/share/chat_interface/environment/ament_prefix_path.dsv
-- Up-to-date: /home/ubuntu/chat_interface/install/chat_interface/share/chat_interface/environment/path.sh
-- Installing: /home/ubuntu/chat_interface/install/chat_interface/share/chat_interface/environment/path.dsv
-- Up-to-date: /home/ubuntu/chat_interface/install/chat_interface/share/chat_interface/local_setup.bash
-- Up-to-date: /home/ubuntu/chat_interface/install/chat_interface/share/chat_interface/local_setup.sh
-- Up-to-date: /home/ubuntu/chat_interface/install/chat_interface/share/chat_interface/local_setup.zsh
-- Installing: /home/ubuntu/chat_interface/install/chat_interface/share/chat_interface/local_setup.dsv
-- Installing: /home/ubuntu/chat_interface/install/chat_interface/share/chat_interface/package.dsv
-- Up-to-date: /home/ubuntu/chat_interface/install/chat_interface/share/ament_index/resource_index/packages/chat_interface
-- Up-to-date: /home/ubuntu/chat_interface/install/chat_interface/share/chat_interface/cmake/chat_interfaceConfig.cmake
-- Up-to-date: /home/ubuntu/chat_interface/install/chat_interface/share/chat_interface/cmake/chat_interfaceConfig-version.cmake
-- Up-to-date: /home/ubuntu/chat_interface/install/chat_interface/share/chat_interface/package.xml
