[0.007s] Invoking command in '/home/ubuntu/chat_interface/build/chat_interface': CMAKE_PREFIX_PATH=${CMAKE_PREFIX_PATH}:/opt/ros/humble /usr/bin/cmake /home/ubuntu/chat_interface -DCMAKE_BUILD_TYPE=Release -DCMAKE_INSTALL_PREFIX=/home/ubuntu/chat_interface/install/chat_interface
[0.018s] -- Found ament_cmake: 1.3.11 (/opt/ros/humble/share/ament_cmake/cmake)
[0.090s] -- Found rclcpp: 16.0.11 (/opt/ros/humble/share/rclcpp/cmake)
[0.110s] -- Found rosidl_generator_c: 3.1.6 (/opt/ros/humble/share/rosidl_generator_c/cmake)
[0.114s] -- Found rosidl_adapter: 3.1.6 (/opt/ros/humble/share/rosidl_adapter/cmake)
[0.118s] -- Found rosidl_generator_cpp: 3.1.6 (/opt/ros/humble/share/rosidl_generator_cpp/cmake)
[0.124s] -- Using all available rosidl_typesupport_c: rosidl_typesupport_fastrtps_c;rosidl_typesupport_introspection_c
[0.133s] -- Using all available rosidl_typesupport_cpp: rosidl_typesupport_fastrtps_cpp;rosidl_typesupport_introspection_cpp
[0.155s] -- Found rmw_implementation_cmake: 6.1.2 (/opt/ros/humble/share/rmw_implementation_cmake/cmake)
[0.156s] -- Found rmw_fastrtps_cpp: 6.2.7 (/opt/ros/humble/share/rmw_fastrtps_cpp/cmake)
[0.228s] -- Using RMW implementation 'rmw_fastrtps_cpp' as default
[0.264s] -- Found ament_lint_auto: 0.12.11 (/opt/ros/humble/share/ament_lint_auto/cmake)
[0.300s] -- Added test 'copyright' to check source files copyright and LICENSE
[0.306s] -- Added test 'cppcheck' to perform static code analysis on C / C++ code
[0.306s] -- Configured cppcheck include dirs: 
[0.306s] -- Configured cppcheck exclude dirs and/or files: 
[0.311s] -- Added test 'cpplint' to check C / C++ code against the Google style
[0.311s] -- Configured cpplint exclude dirs and/or files: 
[0.312s] -- Added test 'flake8' to check Python code syntax and style conventions
[0.314s] -- Added test 'lint_cmake' to check CMake code style
[0.315s] -- Added test 'pep257' to check Python code against some of the docstring style conventions in PEP 257
[0.320s] -- Added test 'uncrustify' to check C / C++ code style
[0.320s] -- Configured uncrustify additional arguments: 
[0.321s] -- Added test 'xmllint' to check XML markup files
[0.322s] -- Configuring done
[0.333s] -- Generating done
[0.337s] -- Build files have been written to: /home/ubuntu/chat_interface/build/chat_interface
[0.345s] Invoked command in '/home/ubuntu/chat_interface/build/chat_interface' returned '0': CMAKE_PREFIX_PATH=${CMAKE_PREFIX_PATH}:/opt/ros/humble /usr/bin/cmake /home/ubuntu/chat_interface -DCMAKE_BUILD_TYPE=Release -DCMAKE_INSTALL_PREFIX=/home/ubuntu/chat_interface/install/chat_interface
[0.348s] Invoking command in '/home/ubuntu/chat_interface/build/chat_interface': CMAKE_PREFIX_PATH=${CMAKE_PREFIX_PATH}:/opt/ros/humble /usr/bin/cmake --build /home/ubuntu/chat_interface/build/chat_interface -- -j4 -l4
[0.370s] [35m[1mConsolidate compiler generated dependencies of target chat_subscriber[0m
[0.370s] [35m[1mConsolidate compiler generated dependencies of target chat_publisher[0m
[0.382s] [ 50%] [32mBuilding CXX object CMakeFiles/chat_subscriber.dir/src/chat_subscriber.cpp.o[0m
[0.382s] [ 50%] [32mBuilding CXX object CMakeFiles/chat_publisher.dir/src/chat_publisher.cpp.o[0m
[4.041s] [ 75%] [32m[1mLinking CXX executable chat_publisher[0m
[4.135s] [ 75%] Built target chat_publisher
[7.220s] [100%] [32m[1mLinking CXX executable chat_subscriber[0m
[7.304s] [100%] Built target chat_subscriber
[7.313s] Invoked command in '/home/ubuntu/chat_interface/build/chat_interface' returned '0': CMAKE_PREFIX_PATH=${CMAKE_PREFIX_PATH}:/opt/ros/humble /usr/bin/cmake --build /home/ubuntu/chat_interface/build/chat_interface -- -j4 -l4
[7.324s] Invoking command in '/home/ubuntu/chat_interface/build/chat_interface': CMAKE_PREFIX_PATH=${CMAKE_PREFIX_PATH}:/opt/ros/humble /usr/bin/cmake --install /home/ubuntu/chat_interface/build/chat_interface
[7.327s] -- Install configuration: "Release"
[7.327s] -- Installing: /home/ubuntu/chat_interface/install/chat_interface/lib/chat_interface/chat_publisher
[7.328s] -- Set runtime path of "/home/ubuntu/chat_interface/install/chat_interface/lib/chat_interface/chat_publisher" to ""
[7.328s] -- Installing: /home/ubuntu/chat_interface/install/chat_interface/lib/chat_interface/chat_subscriber
[7.330s] -- Set runtime path of "/home/ubuntu/chat_interface/install/chat_interface/lib/chat_interface/chat_subscriber" to ""
[7.330s] -- Up-to-date: /home/ubuntu/chat_interface/install/chat_interface/share/ament_index/resource_index/package_run_dependencies/chat_interface
[7.330s] -- Up-to-date: /home/ubuntu/chat_interface/install/chat_interface/share/ament_index/resource_index/parent_prefix_path/chat_interface
[7.330s] -- Up-to-date: /home/ubuntu/chat_interface/install/chat_interface/share/chat_interface/environment/ament_prefix_path.sh
[7.330s] -- Installing: /home/ubuntu/chat_interface/install/chat_interface/share/chat_interface/environment/ament_prefix_path.dsv
[7.331s] -- Up-to-date: /home/ubuntu/chat_interface/install/chat_interface/share/chat_interface/environment/path.sh
[7.331s] -- Installing: /home/ubuntu/chat_interface/install/chat_interface/share/chat_interface/environment/path.dsv
[7.331s] -- Up-to-date: /home/ubuntu/chat_interface/install/chat_interface/share/chat_interface/local_setup.bash
[7.331s] -- Up-to-date: /home/ubuntu/chat_interface/install/chat_interface/share/chat_interface/local_setup.sh
[7.331s] -- Up-to-date: /home/ubuntu/chat_interface/install/chat_interface/share/chat_interface/local_setup.zsh
[7.331s] -- Installing: /home/ubuntu/chat_interface/install/chat_interface/share/chat_interface/local_setup.dsv
[7.331s] -- Installing: /home/ubuntu/chat_interface/install/chat_interface/share/chat_interface/package.dsv
[7.331s] -- Up-to-date: /home/ubuntu/chat_interface/install/chat_interface/share/ament_index/resource_index/packages/chat_interface
[7.331s] -- Up-to-date: /home/ubuntu/chat_interface/install/chat_interface/share/chat_interface/cmake/chat_interfaceConfig.cmake
[7.331s] -- Up-to-date: /home/ubuntu/chat_interface/install/chat_interface/share/chat_interface/cmake/chat_interfaceConfig-version.cmake
[7.331s] -- Up-to-date: /home/ubuntu/chat_interface/install/chat_interface/share/chat_interface/package.xml
[7.333s] Invoked command in '/home/ubuntu/chat_interface/build/chat_interface' returned '0': CMAKE_PREFIX_PATH=${CMAKE_PREFIX_PATH}:/opt/ros/humble /usr/bin/cmake --install /home/ubuntu/chat_interface/build/chat_interface
