[0.009s] Invoking command in '/home/ubuntu/chat_interface/build/chat_interface': CMAKE_PREFIX_PATH=${CMAKE_PREFIX_PATH}:/opt/ros/humble /usr/bin/cmake /home/ubuntu/chat_interface -DCMAKE_INSTALL_PREFIX=/home/ubuntu/chat_interface/install/chat_interface
[0.147s] -- The C compiler identification is GNU 11.4.0
[0.232s] -- The CXX compiler identification is GNU 11.4.0
[0.244s] -- Detecting C compiler ABI info
[0.285s] -- Detecting C compiler ABI info - done
[0.290s] -- Check for working C compiler: /usr/bin/cc - skipped
[0.291s] -- Detecting C compile features
[0.291s] -- Detecting C compile features - done
[0.294s] -- Detecting CXX compiler ABI info
[0.335s] -- Detecting CXX compiler ABI info - done
[0.341s] -- Check for working CXX compiler: /usr/bin/c++ - skipped
[0.341s] -- Detecting CXX compile features
[0.342s] -- Detecting CXX compile features - done
[0.348s] -- Found ament_cmake: 1.3.11 (/opt/ros/humble/share/ament_cmake/cmake)
[0.428s] -- Found Python3: /usr/bin/python3 (found version "3.10.12") found components: Interpreter 
[0.500s] -- Found ament_lint_auto: 0.12.11 (/opt/ros/humble/share/ament_lint_auto/cmake)
[0.557s] -- Added test 'cppcheck' to perform static code analysis on C / C++ code
[0.557s] -- Configured cppcheck include dirs: 
[0.557s] -- Configured cppcheck exclude dirs and/or files: 
[0.558s] -- Added test 'lint_cmake' to check CMake code style
[0.561s] -- Added test 'uncrustify' to check C / C++ code style
[0.561s] -- Configured uncrustify additional arguments: 
[0.562s] -- Added test 'xmllint' to check XML markup files
[0.563s] -- Configuring done
[0.564s] -- Generating done
[0.565s] -- Build files have been written to: /home/ubuntu/chat_interface/build/chat_interface
[0.569s] Invoked command in '/home/ubuntu/chat_interface/build/chat_interface' returned '0': CMAKE_PREFIX_PATH=${CMAKE_PREFIX_PATH}:/opt/ros/humble /usr/bin/cmake /home/ubuntu/chat_interface -DCMAKE_INSTALL_PREFIX=/home/ubuntu/chat_interface/install/chat_interface
[0.570s] Invoking command in '/home/ubuntu/chat_interface/build/chat_interface': CMAKE_PREFIX_PATH=${CMAKE_PREFIX_PATH}:/opt/ros/humble /usr/bin/cmake --build /home/ubuntu/chat_interface/build/chat_interface -- -j4 -l4
[0.588s] Invoked command in '/home/ubuntu/chat_interface/build/chat_interface' returned '0': CMAKE_PREFIX_PATH=${CMAKE_PREFIX_PATH}:/opt/ros/humble /usr/bin/cmake --build /home/ubuntu/chat_interface/build/chat_interface -- -j4 -l4
[0.592s] Invoking command in '/home/ubuntu/chat_interface/build/chat_interface': CMAKE_PREFIX_PATH=${CMAKE_PREFIX_PATH}:/opt/ros/humble /usr/bin/cmake --install /home/ubuntu/chat_interface/build/chat_interface
[0.595s] -- Install configuration: ""
[0.595s] -- Installing: /home/ubuntu/chat_interface/install/chat_interface/share/ament_index/resource_index/package_run_dependencies/chat_interface
[0.595s] -- Installing: /home/ubuntu/chat_interface/install/chat_interface/share/ament_index/resource_index/parent_prefix_path/chat_interface
[0.595s] -- Installing: /home/ubuntu/chat_interface/install/chat_interface/share/chat_interface/environment/ament_prefix_path.sh
[0.595s] -- Installing: /home/ubuntu/chat_interface/install/chat_interface/share/chat_interface/environment/ament_prefix_path.dsv
[0.595s] -- Installing: /home/ubuntu/chat_interface/install/chat_interface/share/chat_interface/environment/path.sh
[0.596s] -- Installing: /home/ubuntu/chat_interface/install/chat_interface/share/chat_interface/environment/path.dsv
[0.596s] -- Installing: /home/ubuntu/chat_interface/install/chat_interface/share/chat_interface/local_setup.bash
[0.596s] -- Installing: /home/ubuntu/chat_interface/install/chat_interface/share/chat_interface/local_setup.sh
[0.596s] -- Installing: /home/ubuntu/chat_interface/install/chat_interface/share/chat_interface/local_setup.zsh
[0.596s] -- Installing: /home/ubuntu/chat_interface/install/chat_interface/share/chat_interface/local_setup.dsv
[0.596s] -- Installing: /home/ubuntu/chat_interface/install/chat_interface/share/chat_interface/package.dsv
[0.596s] -- Installing: /home/ubuntu/chat_interface/install/chat_interface/share/ament_index/resource_index/packages/chat_interface
[0.596s] -- Installing: /home/ubuntu/chat_interface/install/chat_interface/share/chat_interface/cmake/chat_interfaceConfig.cmake
[0.596s] -- Installing: /home/ubuntu/chat_interface/install/chat_interface/share/chat_interface/cmake/chat_interfaceConfig-version.cmake
[0.596s] -- Installing: /home/ubuntu/chat_interface/install/chat_interface/share/chat_interface/package.xml
[0.597s] Invoked command in '/home/ubuntu/chat_interface/build/chat_interface' returned '0': CMAKE_PREFIX_PATH=${CMAKE_PREFIX_PATH}:/opt/ros/humble /usr/bin/cmake --install /home/ubuntu/chat_interface/build/chat_interface
