[0.008s] Invoking command in '/home/ubuntu/chat_interface/build/chat_interface': CMAKE_PREFIX_PATH=${CMAKE_PREFIX_PATH}:/opt/ros/humble /usr/bin/cmake --build /home/ubuntu/chat_interface/build/chat_interface -- -j4 -l4
[0.031s] -- Found ament_cmake: 1.3.11 (/opt/ros/humble/share/ament_cmake/cmake)
[0.105s] -- Found rclcpp: 16.0.11 (/opt/ros/humble/share/rclcpp/cmake)
[0.155s] -- Found rosidl_generator_c: 3.1.6 (/opt/ros/humble/share/rosidl_generator_c/cmake)
[0.160s] -- Found rosidl_adapter: 3.1.6 (/opt/ros/humble/share/rosidl_adapter/cmake)
[0.168s] -- Found rosidl_generator_cpp: 3.1.6 (/opt/ros/humble/share/rosidl_generator_cpp/cmake)
[0.181s] -- Using all available rosidl_typesupport_c: rosidl_typesupport_fastrtps_c;rosidl_typesupport_introspection_c
[0.196s] -- Using all available rosidl_typesupport_cpp: rosidl_typesupport_fastrtps_cpp;rosidl_typesupport_introspection_cpp
[0.243s] -- Found rmw_implementation_cmake: 6.1.2 (/opt/ros/humble/share/rmw_implementation_cmake/cmake)
[0.247s] -- Found rmw_fastrtps_cpp: 6.2.7 (/opt/ros/humble/share/rmw_fastrtps_cpp/cmake)
[0.311s] -- Found OpenSSL: /usr/lib/aarch64-linux-gnu/libcrypto.so (found version "3.0.2")  
[0.358s] -- Found FastRTPS: /opt/ros/humble/include  
[0.397s] -- Using RMW implementation 'rmw_fastrtps_cpp' as default
[0.408s] -- Looking for pthread.h
[0.463s] -- Looking for pthread.h - found
[0.463s] -- Performing Test CMAKE_HAVE_LIBC_PTHREAD
[0.502s] -- Performing Test CMAKE_HAVE_LIBC_PTHREAD - Success
[0.503s] -- Found Threads: TRUE  
[0.555s] -- Found ament_lint_auto: 0.12.11 (/opt/ros/humble/share/ament_lint_auto/cmake)
[0.595s] -- Added test 'copyright' to check source files copyright and LICENSE
[0.599s] -- Added test 'cppcheck' to perform static code analysis on C / C++ code
[0.600s] -- Configured cppcheck include dirs: 
[0.600s] -- Configured cppcheck exclude dirs and/or files: 
[0.604s] -- Added test 'cpplint' to check C / C++ code against the Google style
[0.604s] -- Configured cpplint exclude dirs and/or files: 
[0.605s] -- Added test 'flake8' to check Python code syntax and style conventions
[0.607s] -- Added test 'lint_cmake' to check CMake code style
[0.607s] -- Added test 'pep257' to check Python code against some of the docstring style conventions in PEP 257
[0.612s] -- Added test 'uncrustify' to check C / C++ code style
[0.612s] -- Configured uncrustify additional arguments: 
[0.613s] -- Added test 'xmllint' to check XML markup files
[0.613s] -- Configuring done
[0.621s] -- Generating done
[0.625s] -- Build files have been written to: /home/ubuntu/chat_interface/build/chat_interface
[0.643s] [ 50%] [32mBuilding CXX object CMakeFiles/chat_publisher.dir/src/chat_publisher.cpp.o[0m
[0.643s] [ 50%] [32mBuilding CXX object CMakeFiles/chat_subscriber.dir/src/chat_subscriber.cpp.o[0m
[3.771s] [ 75%] [32m[1mLinking CXX executable chat_publisher[0m
[3.924s] [ 75%] Built target chat_publisher
[6.078s] [100%] [32m[1mLinking CXX executable chat_subscriber[0m
[6.314s] [100%] Built target chat_subscriber
[6.331s] Invoked command in '/home/ubuntu/chat_interface/build/chat_interface' returned '0': CMAKE_PREFIX_PATH=${CMAKE_PREFIX_PATH}:/opt/ros/humble /usr/bin/cmake --build /home/ubuntu/chat_interface/build/chat_interface -- -j4 -l4
[6.342s] Invoking command in '/home/ubuntu/chat_interface/build/chat_interface': CMAKE_PREFIX_PATH=${CMAKE_PREFIX_PATH}:/opt/ros/humble /usr/bin/cmake --install /home/ubuntu/chat_interface/build/chat_interface
[6.343s] -- Install configuration: ""
[6.343s] -- Installing: /home/ubuntu/chat_interface/install/chat_interface/lib/chat_interface/chat_publisher
[6.344s] -- Set runtime path of "/home/ubuntu/chat_interface/install/chat_interface/lib/chat_interface/chat_publisher" to ""
[6.344s] -- Installing: /home/ubuntu/chat_interface/install/chat_interface/lib/chat_interface/chat_subscriber
[6.347s] -- Set runtime path of "/home/ubuntu/chat_interface/install/chat_interface/lib/chat_interface/chat_subscriber" to ""
[6.347s] -- Installing: /home/ubuntu/chat_interface/install/chat_interface/share/ament_index/resource_index/package_run_dependencies/chat_interface
[6.347s] -- Installing: /home/ubuntu/chat_interface/install/chat_interface/share/ament_index/resource_index/parent_prefix_path/chat_interface
[6.347s] -- Up-to-date: /home/ubuntu/chat_interface/install/chat_interface/share/chat_interface/environment/ament_prefix_path.sh
[6.347s] -- Installing: /home/ubuntu/chat_interface/install/chat_interface/share/chat_interface/environment/ament_prefix_path.dsv
[6.347s] -- Up-to-date: /home/ubuntu/chat_interface/install/chat_interface/share/chat_interface/environment/path.sh
[6.347s] -- Installing: /home/ubuntu/chat_interface/install/chat_interface/share/chat_interface/environment/path.dsv
[6.347s] -- Up-to-date: /home/ubuntu/chat_interface/install/chat_interface/share/chat_interface/local_setup.bash
[6.350s] -- Up-to-date: /home/ubuntu/chat_interface/install/chat_interface/share/chat_interface/local_setup.sh
[6.350s] -- Up-to-date: /home/ubuntu/chat_interface/install/chat_interface/share/chat_interface/local_setup.zsh
[6.350s] -- Installing: /home/ubuntu/chat_interface/install/chat_interface/share/chat_interface/local_setup.dsv
[6.350s] -- Installing: /home/ubuntu/chat_interface/install/chat_interface/share/chat_interface/package.dsv
[6.350s] -- Up-to-date: /home/ubuntu/chat_interface/install/chat_interface/share/ament_index/resource_index/packages/chat_interface
[6.350s] -- Installing: /home/ubuntu/chat_interface/install/chat_interface/share/chat_interface/cmake/chat_interfaceConfig.cmake
[6.351s] -- Installing: /home/ubuntu/chat_interface/install/chat_interface/share/chat_interface/cmake/chat_interfaceConfig-version.cmake
[6.351s] -- Installing: /home/ubuntu/chat_interface/install/chat_interface/share/chat_interface/package.xml
[6.353s] Invoked command in '/home/ubuntu/chat_interface/build/chat_interface' returned '0': CMAKE_PREFIX_PATH=${CMAKE_PREFIX_PATH}:/opt/ros/humble /usr/bin/cmake --install /home/ubuntu/chat_interface/build/chat_interface
